{"uuid":"1add0ee0-f00b-4c0e-b48b-16ce243dae56","historyId":"280b8bc040f72d1fefb358e2eaa3460c","fullName":"Registration page Login button: Validating the Login button visibility","labels":[{"name":"tag","value":"tag"},{"name":"tag","value":"tag1"},{"name":"host","value":"LAVILUCKYLENOVO"},{"name":"thread","value":"11140@LAVILUCKYLENOVO.main(1)"},{"name":"feature","value":"Registration page Login button"},{"name":"story","value":"Validating the Login button visibility"},{"name":"suite","value":"Registration page Login button"},{"name":"testClass","value":"Validating the Login button visibility"},{"name":"framework","value":"cucumber4jvm"},{"name":"language","value":"java"},{"name":"gherkin_uri","value":"file:///C:/Users/deepu/eclipse-workspace/Hackathon_2/src/test/resources/Feature/Registration-Features/LogInButton.feature"},{"name":"package","value":"src.test.resources.Feature.Registration-Features.LogInButton_feature.Registration page Login button"}],"links":[],"name":"Validating the Login button visibility","status":"failed","statusDetails":{"known":false,"muted":false,"flaky":false,"message":"expected [<html><head></head><body></body></html>] but found [Log in]","trace":"java.lang.AssertionError: expected [<html><head></head><body></body></html>] but found [Log in]\r\n\tat org.testng.Assert.fail(Assert.java:110)\r\n\tat org.testng.Assert.failNotEquals(Assert.java:1413)\r\n\tat org.testng.Assert.assertEqualsImpl(Assert.java:149)\r\n\tat org.testng.Assert.assertEquals(Assert.java:131)\r\n\tat org.testng.Assert.assertEquals(Assert.java:655)\r\n\tat org.testng.Assert.assertEquals(Assert.java:665)\r\n\tat StepDiFinitions.RegistrationSteps.admin_user_staff_sees_a_button_with_text_on_the_form(RegistrationSteps.java:66)\r\n\tat ✽.Admin/User/Staff sees a button with text \"Log in\" on the form(file:///C:/Users/deepu/eclipse-workspace/Hackathon_2/src/test/resources/Feature/Registration-Features/LogInButton.feature:10)\r\n"},"stage":"finished","steps":[{"name":"Given  Admin/User/Staff Logged on to LMS website10","status":"passed","statusDetails":{"known":false,"muted":false,"flaky":false},"stage":"finished","steps":[],"attachments":[],"parameters":[],"start":1669748836732,"stop":1669748838065},{"name":"When  Admin/User/Staff lands on Registration page","status":"passed","statusDetails":{"known":false,"muted":false,"flaky":false},"stage":"finished","steps":[],"attachments":[],"parameters":[],"start":1669748838067,"stop":1669748838068},{"name":"Then  Admin/User/Staff sees a button with text \"Log in\" on the form","status":"failed","statusDetails":{"known":false,"muted":false,"flaky":false,"message":"expected [<html><head></head><body></body></html>] but found [Log in]","trace":"java.lang.AssertionError: expected [<html><head></head><body></body></html>] but found [Log in]\r\n\tat org.testng.Assert.fail(Assert.java:110)\r\n\tat org.testng.Assert.failNotEquals(Assert.java:1413)\r\n\tat org.testng.Assert.assertEqualsImpl(Assert.java:149)\r\n\tat org.testng.Assert.assertEquals(Assert.java:131)\r\n\tat org.testng.Assert.assertEquals(Assert.java:655)\r\n\tat org.testng.Assert.assertEquals(Assert.java:665)\r\n\tat StepDiFinitions.RegistrationSteps.admin_user_staff_sees_a_button_with_text_on_the_form(RegistrationSteps.java:66)\r\n\tat ✽.Admin/User/Staff sees a button with text \"Log in\" on the form(file:///C:/Users/deepu/eclipse-workspace/Hackathon_2/src/test/resources/Feature/Registration-Features/LogInButton.feature:10)\r\n"},"stage":"finished","steps":[],"attachments":[],"parameters":[],"start":1669748838069,"stop":1669748838097}],"attachments":[],"parameters":[],"start":1669748836728,"stop":1669748838098}